  MyForm.cpp
C:\Users\Mega Toad\source\repos\ARM\ARM\MyForm.cpp(14,1): warning C4829: Возможно, неправильные параметры функции main. Рекомендуемый вариант - "int main(Platform::Array<Platform::String^>^ argv)"
C:\Users\Mega Toad\source\repos\ARM\ARM\MyForm.cpp(33,72): warning C4566: символ, представленный универсальным именем символа "\u00CE", невозможно представить в текущей кодовой странице (1251)
C:\Users\Mega Toad\source\repos\ARM\ARM\MyForm.cpp(33,72): warning C4566: символ, представленный универсальным именем символа "\u00F8", невозможно представить в текущей кодовой странице (1251)
C:\Users\Mega Toad\source\repos\ARM\ARM\MyForm.cpp(33,72): warning C4566: символ, представленный универсальным именем символа "\u00E8", невозможно представить в текущей кодовой странице (1251)
C:\Users\Mega Toad\source\repos\ARM\ARM\MyForm.cpp(33,72): warning C4566: символ, представленный универсальным именем символа "\u00E1", невозможно представить в текущей кодовой странице (1251)
C:\Users\Mega Toad\source\repos\ARM\ARM\MyForm.cpp(33,72): warning C4566: символ, представленный универсальным именем символа "\u00EA", невозможно представить в текущей кодовой странице (1251)
C:\Users\Mega Toad\source\repos\ARM\ARM\MyForm.cpp(33,72): warning C4566: символ, представленный универсальным именем символа "\u00E0", невозможно представить в текущей кодовой странице (1251)
C:\Users\Mega Toad\source\repos\ARM\ARM\MyForm.cpp(52,20): warning C4566: символ, представленный универсальным именем символа "\u00C2", невозможно представить в текущей кодовой странице (1251)
C:\Users\Mega Toad\source\repos\ARM\ARM\MyForm.cpp(52,20): warning C4566: символ, представленный универсальным именем символа "\u00FB", невозможно представить в текущей кодовой странице (1251)
C:\Users\Mega Toad\source\repos\ARM\ARM\MyForm.cpp(52,20): warning C4566: символ, представленный универсальным именем символа "\u00E1", невозможно представить в текущей кодовой странице (1251)
C:\Users\Mega Toad\source\repos\ARM\ARM\MyForm.cpp(52,20): warning C4566: символ, представленный универсальным именем символа "\u00E5", невозможно представить в текущей кодовой странице (1251)
C:\Users\Mega Toad\source\repos\ARM\ARM\MyForm.cpp(52,20): warning C4566: символ, представленный универсальным именем символа "\u00F0", невозможно представить в текущей кодовой странице (1251)
C:\Users\Mega Toad\source\repos\ARM\ARM\MyForm.cpp(52,20): warning C4566: символ, представленный универсальным именем символа "\u00E8", невозможно представить в текущей кодовой странице (1251)
C:\Users\Mega Toad\source\repos\ARM\ARM\MyForm.cpp(52,20): warning C4566: символ, представленный универсальным именем символа "\u00F2", невозможно представить в текущей кодовой странице (1251)
C:\Users\Mega Toad\source\repos\ARM\ARM\MyForm.cpp(52,20): warning C4566: символ, представленный универсальным именем символа "\u00EE", невозможно представить в текущей кодовой странице (1251)
C:\Users\Mega Toad\source\repos\ARM\ARM\MyForm.cpp(52,20): warning C4566: символ, представленный универсальным именем символа "\u00E4", невозможно представить в текущей кодовой странице (1251)
C:\Users\Mega Toad\source\repos\ARM\ARM\MyForm.cpp(52,20): warning C4566: символ, представленный универсальным именем символа "\u00ED", невозможно представить в текущей кодовой странице (1251)
C:\Users\Mega Toad\source\repos\ARM\ARM\MyForm.cpp(52,20): warning C4566: символ, представленный универсальным именем символа "\u00F3", невозможно представить в текущей кодовой странице (1251)
C:\Users\Mega Toad\source\repos\ARM\ARM\MyForm.cpp(52,20): warning C4566: символ, представленный универсальным именем символа "\u00F1", невозможно представить в текущей кодовой странице (1251)
C:\Users\Mega Toad\source\repos\ARM\ARM\MyForm.cpp(52,20): warning C4566: символ, представленный универсальным именем символа "\u00EA", невозможно представить в текущей кодовой странице (1251)
C:\Users\Mega Toad\source\repos\ARM\ARM\MyForm.cpp(52,20): warning C4566: символ, представленный универсальным именем символа "\u00EB", невозможно представить в текущей кодовой странице (1251)
C:\Users\Mega Toad\source\repos\ARM\ARM\MyForm.cpp(52,20): warning C4566: символ, представленный универсальным именем символа "\u00FF", невозможно представить в текущей кодовой странице (1251)
C:\Users\Mega Toad\source\repos\ARM\ARM\MyForm.cpp(52,20): warning C4566: символ, представленный универсальным именем символа "\u00E0", невозможно представить в текущей кодовой странице (1251)
C:\Users\Mega Toad\source\repos\ARM\ARM\MyForm.cpp(52,20): warning C4566: символ, представленный универсальным именем символа "\u00E2", невозможно представить в текущей кодовой странице (1251)
C:\Users\Mega Toad\source\repos\ARM\ARM\MyForm.cpp(52,91): warning C4566: символ, представленный универсальным именем символа "\u00C2", невозможно представить в текущей кодовой странице (1251)
C:\Users\Mega Toad\source\repos\ARM\ARM\MyForm.cpp(52,91): warning C4566: символ, представленный универсальным именем символа "\u00ED", невозможно представить в текущей кодовой странице (1251)
C:\Users\Mega Toad\source\repos\ARM\ARM\MyForm.cpp(52,91): warning C4566: символ, представленный универсальным именем символа "\u00E8", невозможно представить в текущей кодовой странице (1251)
C:\Users\Mega Toad\source\repos\ARM\ARM\MyForm.cpp(52,91): warning C4566: символ, представленный универсальным именем символа "\u00EC", невозможно представить в текущей кодовой странице (1251)
C:\Users\Mega Toad\source\repos\ARM\ARM\MyForm.cpp(52,91): warning C4566: символ, представленный универсальным именем символа "\u00E0", невозможно представить в текущей кодовой странице (1251)
C:\Users\Mega Toad\source\repos\ARM\ARM\MyForm.cpp(52,91): warning C4566: символ, представленный универсальным именем символа "\u00E5", невозможно представить в текущей кодовой странице (1251)
C:\Users\Mega Toad\source\repos\ARM\ARM\MyForm.cpp(64,63): warning C4566: символ, представленный универсальным именем символа "\u00C2", невозможно представить в текущей кодовой странице (1251)
C:\Users\Mega Toad\source\repos\ARM\ARM\MyForm.cpp(64,63): warning C4566: символ, представленный универсальным именем символа "\u00ED", невозможно представить в текущей кодовой странице (1251)
C:\Users\Mega Toad\source\repos\ARM\ARM\MyForm.cpp(64,63): warning C4566: символ, представленный универсальным именем символа "\u00E8", невозможно представить в текущей кодовой странице (1251)
C:\Users\Mega Toad\source\repos\ARM\ARM\MyForm.cpp(64,63): warning C4566: символ, представленный универсальным именем символа "\u00EC", невозможно представить в текущей кодовой странице (1251)
C:\Users\Mega Toad\source\repos\ARM\ARM\MyForm.cpp(64,63): warning C4566: символ, представленный универсальным именем символа "\u00E0", невозможно представить в текущей кодовой странице (1251)
C:\Users\Mega Toad\source\repos\ARM\ARM\MyForm.cpp(64,63): warning C4566: символ, представленный универсальным именем символа "\u00E5", невозможно представить в текущей кодовой странице (1251)
C:\Users\Mega Toad\source\repos\ARM\ARM\MyForm.cpp(83,20): warning C4566: символ, представленный универсальным именем символа "\u00CE", невозможно представить в текущей кодовой странице (1251)
C:\Users\Mega Toad\source\repos\ARM\ARM\MyForm.cpp(83,20): warning C4566: символ, представленный универсальным именем символа "\u00F8", невозможно представить в текущей кодовой странице (1251)
C:\Users\Mega Toad\source\repos\ARM\ARM\MyForm.cpp(83,20): warning C4566: символ, представленный универсальным именем символа "\u00E8", невозможно представить в текущей кодовой странице (1251)
C:\Users\Mega Toad\source\repos\ARM\ARM\MyForm.cpp(83,20): warning C4566: символ, представленный универсальным именем символа "\u00E1", невозможно представить в текущей кодовой странице (1251)
C:\Users\Mega Toad\source\repos\ARM\ARM\MyForm.cpp(83,20): warning C4566: символ, представленный универсальным именем символа "\u00EA", невозможно представить в текущей кодовой странице (1251)
C:\Users\Mega Toad\source\repos\ARM\ARM\MyForm.cpp(83,20): warning C4566: символ, представленный универсальным именем символа "\u00E0", невозможно представить в текущей кодовой странице (1251)
C:\Users\Mega Toad\source\repos\ARM\ARM\MyForm.cpp(83,20): warning C4566: символ, представленный универсальным именем символа "\u00E2", невозможно представить в текущей кодовой странице (1251)
C:\Users\Mega Toad\source\repos\ARM\ARM\MyForm.cpp(83,20): warning C4566: символ, представленный универсальным именем символа "\u00FB", невозможно представить в текущей кодовой странице (1251)
C:\Users\Mega Toad\source\repos\ARM\ARM\MyForm.cpp(83,20): warning C4566: символ, представленный универсальным именем символа "\u00EF", невозможно представить в текущей кодовой странице (1251)
C:\Users\Mega Toad\source\repos\ARM\ARM\MyForm.cpp(83,20): warning C4566: символ, представленный универсальным именем символа "\u00EE", невозможно представить в текущей кодовой странице (1251)
C:\Users\Mega Toad\source\repos\ARM\ARM\MyForm.cpp(83,20): warning C4566: символ, представленный универсальным именем символа "\u00EB", невозможно представить в текущей кодовой странице (1251)
C:\Users\Mega Toad\source\repos\ARM\ARM\MyForm.cpp(83,20): warning C4566: символ, представленный универсальным именем символа "\u00ED", невозможно представить в текущей кодовой странице (1251)
C:\Users\Mega Toad\source\repos\ARM\ARM\MyForm.cpp(83,20): warning C4566: символ, представленный универсальным именем символа "\u00E5", невозможно представить в текущей кодовой странице (1251)
C:\Users\Mega Toad\source\repos\ARM\ARM\MyForm.cpp(83,20): warning C4566: символ, представленный универсальным именем символа "\u00FF", невозможно представить в текущей кодовой странице (1251)
C:\Users\Mega Toad\source\repos\ARM\ARM\MyForm.cpp(83,20): warning C4566: символ, представленный универсальным именем символа "\u00E7", невозможно представить в текущей кодовой странице (1251)
C:\Users\Mega Toad\source\repos\ARM\ARM\MyForm.cpp(83,20): warning C4566: символ, представленный универсальным именем символа "\u00F0", невозможно представить в текущей кодовой странице (1251)
C:\Users\Mega Toad\source\repos\ARM\ARM\MyForm.cpp(83,20): warning C4566: символ, представленный универсальным именем символа "\u00F1", невозможно представить в текущей кодовой странице (1251)
C:\Users\Mega Toad\source\repos\ARM\ARM\MyForm.cpp(83,73): warning C4566: символ, представленный универсальным именем символа "\u00CE", невозможно представить в текущей кодовой странице (1251)
C:\Users\Mega Toad\source\repos\ARM\ARM\MyForm.cpp(83,73): warning C4566: символ, представленный универсальным именем символа "\u00F8", невозможно представить в текущей кодовой странице (1251)
C:\Users\Mega Toad\source\repos\ARM\ARM\MyForm.cpp(83,73): warning C4566: символ, представленный универсальным именем символа "\u00E8", невозможно представить в текущей кодовой странице (1251)
C:\Users\Mega Toad\source\repos\ARM\ARM\MyForm.cpp(83,73): warning C4566: символ, представленный универсальным именем символа "\u00E1", невозможно представить в текущей кодовой странице (1251)
C:\Users\Mega Toad\source\repos\ARM\ARM\MyForm.cpp(83,73): warning C4566: символ, представленный универсальным именем символа "\u00EA", невозможно представить в текущей кодовой странице (1251)
C:\Users\Mega Toad\source\repos\ARM\ARM\MyForm.cpp(83,73): warning C4566: символ, представленный универсальным именем символа "\u00E0", невозможно представить в текущей кодовой странице (1251)
C:\Users\Mega Toad\source\repos\ARM\ARM\MyForm.cpp(85,20): warning C4566: символ, представленный универсальным именем символа "\u00C4", невозможно представить в текущей кодовой странице (1251)
C:\Users\Mega Toad\source\repos\ARM\ARM\MyForm.cpp(85,20): warning C4566: символ, представленный универсальным именем символа "\u00E0", невозможно представить в текущей кодовой странице (1251)
C:\Users\Mega Toad\source\repos\ARM\ARM\MyForm.cpp(85,20): warning C4566: символ, представленный универсальным именем символа "\u00ED", невозможно представить в текущей кодовой странице (1251)
C:\Users\Mega Toad\source\repos\ARM\ARM\MyForm.cpp(85,20): warning C4566: символ, представленный универсальным именем символа "\u00FB", невозможно представить в текущей кодовой странице (1251)
C:\Users\Mega Toad\source\repos\ARM\ARM\MyForm.cpp(85,20): warning C4566: символ, представленный универсальным именем символа "\u00E5", невозможно представить в текущей кодовой странице (1251)
C:\Users\Mega Toad\source\repos\ARM\ARM\MyForm.cpp(85,20): warning C4566: символ, представленный универсальным именем символа "\u00E4", невозможно представить в текущей кодовой странице (1251)
C:\Users\Mega Toad\source\repos\ARM\ARM\MyForm.cpp(85,20): warning C4566: символ, представленный универсальным именем символа "\u00EE", невозможно представить в текущей кодовой странице (1251)
C:\Users\Mega Toad\source\repos\ARM\ARM\MyForm.cpp(85,20): warning C4566: символ, представленный универсальным именем символа "\u00E1", невозможно представить в текущей кодовой странице (1251)
C:\Users\Mega Toad\source\repos\ARM\ARM\MyForm.cpp(85,20): warning C4566: символ, представленный универсальным именем символа "\u00E2", невозможно представить в текущей кодовой странице (1251)
C:\Users\Mega Toad\source\repos\ARM\ARM\MyForm.cpp(85,20): warning C4566: символ, представленный универсальным именем символа "\u00EB", невозможно представить в текущей кодовой странице (1251)
C:\Users\Mega Toad\source\repos\ARM\ARM\MyForm.cpp(85,56): warning C4566: символ, представленный универсальным именем символа "\u00C3", невозможно представить в текущей кодовой странице (1251)
C:\Users\Mega Toad\source\repos\ARM\ARM\MyForm.cpp(85,56): warning C4566: символ, представленный универсальным именем символа "\u00EE", невозможно представить в текущей кодовой странице (1251)
C:\Users\Mega Toad\source\repos\ARM\ARM\MyForm.cpp(85,56): warning C4566: символ, представленный универсальным именем символа "\u00F2", невозможно представить в текущей кодовой странице (1251)
C:\Users\Mega Toad\source\repos\ARM\ARM\MyForm.cpp(85,56): warning C4566: символ, представленный универсальным именем символа "\u00E2", невозможно представить в текущей кодовой странице (1251)
C:\Users\Mega Toad\source\repos\ARM\ARM\MyForm.cpp(94,20): warning C4566: символ, представленный универсальным именем символа "\u00C2", невозможно представить в текущей кодовой странице (1251)
C:\Users\Mega Toad\source\repos\ARM\ARM\MyForm.cpp(94,20): warning C4566: символ, представленный универсальным именем символа "\u00FB", невозможно представить в текущей кодовой странице (1251)
C:\Users\Mega Toad\source\repos\ARM\ARM\MyForm.cpp(94,20): warning C4566: символ, представленный универсальным именем символа "\u00E1", невозможно представить в текущей кодовой странице (1251)
C:\Users\Mega Toad\source\repos\ARM\ARM\MyForm.cpp(94,20): warning C4566: символ, представленный универсальным именем символа "\u00E5", невозможно представить в текущей кодовой странице (1251)
C:\Users\Mega Toad\source\repos\ARM\ARM\MyForm.cpp(94,20): warning C4566: символ, представленный универсальным именем символа "\u00F0", невозможно представить в текущей кодовой странице (1251)
C:\Users\Mega Toad\source\repos\ARM\ARM\MyForm.cpp(94,20): warning C4566: символ, представленный универсальным именем символа "\u00E8", невозможно представить в текущей кодовой странице (1251)
C:\Users\Mega Toad\source\repos\ARM\ARM\MyForm.cpp(94,20): warning C4566: символ, представленный универсальным именем символа "\u00F2", невозможно представить в текущей кодовой странице (1251)
C:\Users\Mega Toad\source\repos\ARM\ARM\MyForm.cpp(94,20): warning C4566: символ, представленный универсальным именем символа "\u00EE", невозможно представить в текущей кодовой странице (1251)
C:\Users\Mega Toad\source\repos\ARM\ARM\MyForm.cpp(94,20): warning C4566: символ, представленный универсальным именем символа "\u00E4", невозможно представить в текущей кодовой странице (1251)
C:\Users\Mega Toad\source\repos\ARM\ARM\MyForm.cpp(94,20): warning C4566: символ, представленный универсальным именем символа "\u00ED", невозможно представить в текущей кодовой странице (1251)
C:\Users\Mega Toad\source\repos\ARM\ARM\MyForm.cpp(94,20): warning C4566: символ, представленный универсальным именем символа "\u00F3", невозможно представить в текущей кодовой странице (1251)
C:\Users\Mega Toad\source\repos\ARM\ARM\MyForm.cpp(94,20): warning C4566: символ, представленный универсальным именем символа "\u00F1", невозможно представить в текущей кодовой странице (1251)
C:\Users\Mega Toad\source\repos\ARM\ARM\MyForm.cpp(94,20): warning C4566: символ, представленный универсальным именем символа "\u00EA", невозможно представить в текущей кодовой странице (1251)
C:\Users\Mega Toad\source\repos\ARM\ARM\MyForm.cpp(94,20): warning C4566: символ, представленный универсальным именем символа "\u00EB", невозможно представить в текущей кодовой странице (1251)
C:\Users\Mega Toad\source\repos\ARM\ARM\MyForm.cpp(94,20): warning C4566: символ, представленный универсальным именем символа "\u00FF", невозможно представить в текущей кодовой странице (1251)
C:\Users\Mega Toad\source\repos\ARM\ARM\MyForm.cpp(94,20): warning C4566: символ, представленный универсальным именем символа "\u00E0", невозможно представить в текущей кодовой странице (1251)
C:\Users\Mega Toad\source\repos\ARM\ARM\MyForm.cpp(94,20): warning C4566: символ, представленный универсальным именем символа "\u00E2", невозможно представить в текущей кодовой странице (1251)
C:\Users\Mega Toad\source\repos\ARM\ARM\MyForm.cpp(94,91): warning C4566: символ, представленный универсальным именем символа "\u00C2", невозможно представить в текущей кодовой странице (1251)
C:\Users\Mega Toad\source\repos\ARM\ARM\MyForm.cpp(94,91): warning C4566: символ, представленный универсальным именем символа "\u00ED", невозможно представить в текущей кодовой странице (1251)
C:\Users\Mega Toad\source\repos\ARM\ARM\MyForm.cpp(94,91): warning C4566: символ, представленный универсальным именем символа "\u00E8", невозможно представить в текущей кодовой странице (1251)
C:\Users\Mega Toad\source\repos\ARM\ARM\MyForm.cpp(94,91): warning C4566: символ, представленный универсальным именем символа "\u00EC", невозможно представить в текущей кодовой странице (1251)
C:\Users\Mega Toad\source\repos\ARM\ARM\MyForm.cpp(94,91): warning C4566: символ, представленный универсальным именем символа "\u00E0", невозможно представить в текущей кодовой странице (1251)
C:\Users\Mega Toad\source\repos\ARM\ARM\MyForm.cpp(94,91): warning C4566: символ, представленный универсальным именем символа "\u00E5", невозможно представить в текущей кодовой странице (1251)
C:\Users\Mega Toad\source\repos\ARM\ARM\MyForm.cpp(102,20): warning C4566: символ, представленный универсальным именем символа "\u00CD", невозможно представить в текущей кодовой странице (1251)
C:\Users\Mega Toad\source\repos\ARM\ARM\MyForm.cpp(102,20): warning C4566: символ, представленный универсальным именем символа "\u00E5", невозможно представить в текущей кодовой странице (1251)
C:\Users\Mega Toad\source\repos\ARM\ARM\MyForm.cpp(102,20): warning C4566: символ, представленный универсальным именем символа "\u00E2", невозможно представить в текущей кодовой странице (1251)
C:\Users\Mega Toad\source\repos\ARM\ARM\MyForm.cpp(102,20): warning C4566: символ, представленный универсальным именем символа "\u00F1", невозможно представить в текущей кодовой странице (1251)
C:\Users\Mega Toad\source\repos\ARM\ARM\MyForm.cpp(102,20): warning C4566: символ, представленный универсальным именем символа "\u00E4", невозможно представить в текущей кодовой странице (1251)
C:\Users\Mega Toad\source\repos\ARM\ARM\MyForm.cpp(102,20): warning C4566: символ, представленный универсальным именем символа "\u00E0", невозможно представить в текущей кодовой странице (1251)
C:\Users\Mega Toad\source\repos\ARM\ARM\MyForm.cpp(102,20): warning C4566: символ, представленный универсальным именем символа "\u00ED", невозможно представить в текущей кодовой странице (1251)
C:\Users\Mega Toad\source\repos\ARM\ARM\MyForm.cpp(102,20): warning C4566: символ, представленный универсальным именем символа "\u00FB", невозможно представить в текущей кодовой странице (1251)
C:\Users\Mega Toad\source\repos\ARM\ARM\MyForm.cpp(102,64): warning C4566: символ, представленный универсальным именем символа "\u00C2", невозможно представить в текущей кодовой странице (1251)
C:\Users\Mega Toad\source\repos\ARM\ARM\MyForm.cpp(102,64): warning C4566: символ, представленный универсальным именем символа "\u00ED", невозможно представить в текущей кодовой странице (1251)
C:\Users\Mega Toad\source\repos\ARM\ARM\MyForm.cpp(102,64): warning C4566: символ, представленный универсальным именем символа "\u00E8", невозможно представить в текущей кодовой странице (1251)
C:\Users\Mega Toad\source\repos\ARM\ARM\MyForm.cpp(102,64): warning C4566: символ, представленный универсальным именем символа "\u00EC", невозможно представить в текущей кодовой странице (1251)
C:\Users\Mega Toad\source\repos\ARM\ARM\MyForm.cpp(102,64): warning C4566: символ, представленный универсальным именем символа "\u00E0", невозможно представить в текущей кодовой странице (1251)
C:\Users\Mega Toad\source\repos\ARM\ARM\MyForm.cpp(102,64): warning C4566: символ, представленный универсальным именем символа "\u00E5", невозможно представить в текущей кодовой странице (1251)
C:\Users\Mega Toad\source\repos\ARM\ARM\MyForm.cpp(116,20): warning C4566: символ, представленный универсальным именем символа "\u00CE", невозможно представить в текущей кодовой странице (1251)
C:\Users\Mega Toad\source\repos\ARM\ARM\MyForm.cpp(116,20): warning C4566: символ, представленный универсальным именем символа "\u00F8", невозможно представить в текущей кодовой странице (1251)
C:\Users\Mega Toad\source\repos\ARM\ARM\MyForm.cpp(116,20): warning C4566: символ, представленный универсальным именем символа "\u00E8", невозможно представить в текущей кодовой странице (1251)
C:\Users\Mega Toad\source\repos\ARM\ARM\MyForm.cpp(116,20): warning C4566: символ, представленный универсальным именем символа "\u00E1", невозможно представить в текущей кодовой странице (1251)
C:\Users\Mega Toad\source\repos\ARM\ARM\MyForm.cpp(116,20): warning C4566: символ, представленный универсальным именем символа "\u00EA", невозможно представить в текущей кодовой странице (1251)
C:\Users\Mega Toad\source\repos\ARM\ARM\MyForm.cpp(116,20): warning C4566: символ, представленный универсальным именем символа "\u00E0", невозможно представить в текущей кодовой странице (1251)
C:\Users\Mega Toad\source\repos\ARM\ARM\MyForm.cpp(116,20): warning C4566: символ, представленный универсальным именем символа "\u00E2", невозможно представить в текущей кодовой странице (1251)
C:\Users\Mega Toad\source\repos\ARM\ARM\MyForm.cpp(116,20): warning C4566: символ, представленный универсальным именем символа "\u00FB", невозможно представить в текущей кодовой странице (1251)
C:\Users\Mega Toad\source\repos\ARM\ARM\MyForm.cpp(116,20): warning C4566: символ, представленный универсальным именем символа "\u00EF", невозможно представить в текущей кодовой странице (1251)
C:\Users\Mega Toad\source\repos\ARM\ARM\MyForm.cpp(116,20): warning C4566: символ, представленный универсальным именем символа "\u00EE", невозможно представить в текущей кодовой странице (1251)
C:\Users\Mega Toad\source\repos\ARM\ARM\MyForm.cpp(116,20): warning C4566: символ, представленный универсальным именем символа "\u00EB", невозможно представить в текущей кодовой странице (1251)
C:\Users\Mega Toad\source\repos\ARM\ARM\MyForm.cpp(116,20): warning C4566: символ, представленный универсальным именем символа "\u00ED", невозможно представить в текущей кодовой странице (1251)
C:\Users\Mega Toad\source\repos\ARM\ARM\MyForm.cpp(116,20): warning C4566: символ, представленный универсальным именем символа "\u00E5", невозможно представить в текущей кодовой странице (1251)
C:\Users\Mega Toad\source\repos\ARM\ARM\MyForm.cpp(116,20): warning C4566: символ, представленный универсальным именем символа "\u00FF", невозможно представить в текущей кодовой странице (1251)
C:\Users\Mega Toad\source\repos\ARM\ARM\MyForm.cpp(116,20): warning C4566: символ, представленный универсальным именем символа "\u00E7", невозможно представить в текущей кодовой странице (1251)
C:\Users\Mega Toad\source\repos\ARM\ARM\MyForm.cpp(116,20): warning C4566: символ, представленный универсальным именем символа "\u00F0", невозможно представить в текущей кодовой странице (1251)
C:\Users\Mega Toad\source\repos\ARM\ARM\MyForm.cpp(116,20): warning C4566: символ, представленный универсальным именем символа "\u00F1", невозможно представить в текущей кодовой странице (1251)
C:\Users\Mega Toad\source\repos\ARM\ARM\MyForm.cpp(116,73): warning C4566: символ, представленный универсальным именем символа "\u00CE", невозможно представить в текущей кодовой странице (1251)
C:\Users\Mega Toad\source\repos\ARM\ARM\MyForm.cpp(116,73): warning C4566: символ, представленный универсальным именем символа "\u00F8", невозможно представить в текущей кодовой странице (1251)
C:\Users\Mega Toad\source\repos\ARM\ARM\MyForm.cpp(116,73): warning C4566: символ, представленный универсальным именем символа "\u00E8", невозможно представить в текущей кодовой странице (1251)
C:\Users\Mega Toad\source\repos\ARM\ARM\MyForm.cpp(116,73): warning C4566: символ, представленный универсальным именем символа "\u00E1", невозможно представить в текущей кодовой странице (1251)
C:\Users\Mega Toad\source\repos\ARM\ARM\MyForm.cpp(116,73): warning C4566: символ, представленный универсальным именем символа "\u00EA", невозможно представить в текущей кодовой странице (1251)
C:\Users\Mega Toad\source\repos\ARM\ARM\MyForm.cpp(116,73): warning C4566: символ, представленный универсальным именем символа "\u00E0", невозможно представить в текущей кодовой странице (1251)
C:\Users\Mega Toad\source\repos\ARM\ARM\MyForm.cpp(118,20): warning C4566: символ, представленный универсальным именем символа "\u00C4", невозможно представить в текущей кодовой странице (1251)
C:\Users\Mega Toad\source\repos\ARM\ARM\MyForm.cpp(118,20): warning C4566: символ, представленный универсальным именем символа "\u00E0", невозможно представить в текущей кодовой странице (1251)
C:\Users\Mega Toad\source\repos\ARM\ARM\MyForm.cpp(118,20): warning C4566: символ, представленный универсальным именем символа "\u00ED", невозможно представить в текущей кодовой странице (1251)
C:\Users\Mega Toad\source\repos\ARM\ARM\MyForm.cpp(118,20): warning C4566: символ, представленный универсальным именем символа "\u00FB", невозможно представить в текущей кодовой странице (1251)
C:\Users\Mega Toad\source\repos\ARM\ARM\MyForm.cpp(118,20): warning C4566: символ, представленный универсальным именем символа "\u00E5", невозможно представить в текущей кодовой странице (1251)
C:\Users\Mega Toad\source\repos\ARM\ARM\MyForm.cpp(118,20): warning C4566: символ, представленный универсальным именем символа "\u00F3", невозможно представить в текущей кодовой странице (1251)
C:\Users\Mega Toad\source\repos\ARM\ARM\MyForm.cpp(118,20): warning C4566: символ, представленный универсальным именем символа "\u00E4", невозможно представить в текущей кодовой странице (1251)
C:\Users\Mega Toad\source\repos\ARM\ARM\MyForm.cpp(118,20): warning C4566: символ, представленный универсальным именем символа "\u00EB", невозможно представить в текущей кодовой странице (1251)
C:\Users\Mega Toad\source\repos\ARM\ARM\MyForm.cpp(118,52): warning C4566: символ, представленный универсальным именем символа "\u00C3", невозможно представить в текущей кодовой странице (1251)
C:\Users\Mega Toad\source\repos\ARM\ARM\MyForm.cpp(118,52): warning C4566: символ, представленный универсальным именем символа "\u00EE", невозможно представить в текущей кодовой странице (1251)
C:\Users\Mega Toad\source\repos\ARM\ARM\MyForm.cpp(118,52): warning C4566: символ, представленный универсальным именем символа "\u00F2", невозможно представить в текущей кодовой странице (1251)
C:\Users\Mega Toad\source\repos\ARM\ARM\MyForm.cpp(118,52): warning C4566: символ, представленный универсальным именем символа "\u00E2", невозможно представить в текущей кодовой странице (1251)
C:\Users\Mega Toad\source\repos\ARM\ARM\MyForm.cpp(138,72): warning C4566: символ, представленный универсальным именем символа "\u00CE", невозможно представить в текущей кодовой странице (1251)
C:\Users\Mega Toad\source\repos\ARM\ARM\MyForm.cpp(138,72): warning C4566: символ, представленный универсальным именем символа "\u00F8", невозможно представить в текущей кодовой странице (1251)
C:\Users\Mega Toad\source\repos\ARM\ARM\MyForm.cpp(138,72): warning C4566: символ, представленный универсальным именем символа "\u00E8", невозможно представить в текущей кодовой странице (1251)
C:\Users\Mega Toad\source\repos\ARM\ARM\MyForm.cpp(138,72): warning C4566: символ, представленный универсальным именем символа "\u00E1", невозможно представить в текущей кодовой странице (1251)
C:\Users\Mega Toad\source\repos\ARM\ARM\MyForm.cpp(138,72): warning C4566: символ, представленный универсальным именем символа "\u00EA", невозможно представить в текущей кодовой странице (1251)
C:\Users\Mega Toad\source\repos\ARM\ARM\MyForm.cpp(138,72): warning C4566: символ, представленный универсальным именем символа "\u00E0", невозможно представить в текущей кодовой странице (1251)
C:\Users\Mega Toad\source\repos\ARM\ARM\MyForm.cpp(157,20): warning C4566: символ, представленный универсальным именем символа "\u00C2", невозможно представить в текущей кодовой странице (1251)
C:\Users\Mega Toad\source\repos\ARM\ARM\MyForm.cpp(157,20): warning C4566: символ, представленный универсальным именем символа "\u00FB", невозможно представить в текущей кодовой странице (1251)
C:\Users\Mega Toad\source\repos\ARM\ARM\MyForm.cpp(157,20): warning C4566: символ, представленный универсальным именем символа "\u00E1", невозможно представить в текущей кодовой странице (1251)
C:\Users\Mega Toad\source\repos\ARM\ARM\MyForm.cpp(157,20): warning C4566: символ, представленный универсальным именем символа "\u00E5", невозможно представить в текущей кодовой странице (1251)
C:\Users\Mega Toad\source\repos\ARM\ARM\MyForm.cpp(157,20): warning C4566: символ, представленный универсальным именем символа "\u00F0", невозможно представить в текущей кодовой странице (1251)
C:\Users\Mega Toad\source\repos\ARM\ARM\MyForm.cpp(157,20): warning C4566: символ, представленный универсальным именем символа "\u00E8", невозможно представить в текущей кодовой странице (1251)
C:\Users\Mega Toad\source\repos\ARM\ARM\MyForm.cpp(157,20): warning C4566: символ, представленный универсальным именем символа "\u00F2", невозможно представить в текущей кодовой странице (1251)
C:\Users\Mega Toad\source\repos\ARM\ARM\MyForm.cpp(157,20): warning C4566: символ, представленный универсальным именем символа "\u00EE", невозможно представить в текущей кодовой странице (1251)
C:\Users\Mega Toad\source\repos\ARM\ARM\MyForm.cpp(157,20): warning C4566: символ, представленный универсальным именем символа "\u00E4", невозможно представить в текущей кодовой странице (1251)
C:\Users\Mega Toad\source\repos\ARM\ARM\MyForm.cpp(157,20): warning C4566: символ, представленный универсальным именем символа "\u00ED", невозможно представить в текущей кодовой странице (1251)
C:\Users\Mega Toad\source\repos\ARM\ARM\MyForm.cpp(157,20): warning C4566: символ, представленный универсальным именем символа "\u00F3", невозможно представить в текущей кодовой странице (1251)
C:\Users\Mega Toad\source\repos\ARM\ARM\MyForm.cpp(157,20): warning C4566: символ, представленный универсальным именем символа "\u00F1", невозможно представить в текущей кодовой странице (1251)
C:\Users\Mega Toad\source\repos\ARM\ARM\MyForm.cpp(157,20): warning C4566: символ, представленный универсальным именем символа "\u00EA", невозможно представить в текущей кодовой странице (1251)
C:\Users\Mega Toad\source\repos\ARM\ARM\MyForm.cpp(157,20): warning C4566: символ, представленный универсальным именем символа "\u00EB", невозможно представить в текущей кодовой странице (1251)
C:\Users\Mega Toad\source\repos\ARM\ARM\MyForm.cpp(157,20): warning C4566: символ, представленный универсальным именем символа "\u00FF", невозможно представить в текущей кодовой странице (1251)
C:\Users\Mega Toad\source\repos\ARM\ARM\MyForm.cpp(157,20): warning C4566: символ, представленный универсальным именем символа "\u00E0", невозможно представить в текущей кодовой странице (1251)
C:\Users\Mega Toad\source\repos\ARM\ARM\MyForm.cpp(157,20): warning C4566: символ, представленный универсальным именем символа "\u00E2", невозможно представить в текущей кодовой странице (1251)
C:\Users\Mega Toad\source\repos\ARM\ARM\MyForm.cpp(157,91): warning C4566: символ, представленный универсальным именем символа "\u00C2", невозможно представить в текущей кодовой странице (1251)
C:\Users\Mega Toad\source\repos\ARM\ARM\MyForm.cpp(157,91): warning C4566: символ, представленный универсальным именем символа "\u00ED", невозможно представить в текущей кодовой странице (1251)
C:\Users\Mega Toad\source\repos\ARM\ARM\MyForm.cpp(157,91): warning C4566: символ, представленный универсальным именем символа "\u00E8", невозможно представить в текущей кодовой странице (1251)
C:\Users\Mega Toad\source\repos\ARM\ARM\MyForm.cpp(157,91): warning C4566: символ, представленный универсальным именем символа "\u00EC", невозможно представить в текущей кодовой странице (1251)
C:\Users\Mega Toad\source\repos\ARM\ARM\MyForm.cpp(157,91): warning C4566: символ, представленный универсальным именем символа "\u00E0", невозможно представить в текущей кодовой странице (1251)
C:\Users\Mega Toad\source\repos\ARM\ARM\MyForm.cpp(157,91): warning C4566: символ, представленный универсальным именем символа "\u00E5", невозможно представить в текущей кодовой странице (1251)
C:\Users\Mega Toad\source\repos\ARM\ARM\MyForm.cpp(169,63): warning C4566: символ, представленный универсальным именем символа "\u00C2", невозможно представить в текущей кодовой странице (1251)
C:\Users\Mega Toad\source\repos\ARM\ARM\MyForm.cpp(169,63): warning C4566: символ, представленный универсальным именем символа "\u00ED", невозможно представить в текущей кодовой странице (1251)
C:\Users\Mega Toad\source\repos\ARM\ARM\MyForm.cpp(169,63): warning C4566: символ, представленный универсальным именем символа "\u00E8", невозможно представить в текущей кодовой странице (1251)
C:\Users\Mega Toad\source\repos\ARM\ARM\MyForm.cpp(169,63): warning C4566: символ, представленный универсальным именем символа "\u00EC", невозможно представить в текущей кодовой странице (1251)
C:\Users\Mega Toad\source\repos\ARM\ARM\MyForm.cpp(169,63): warning C4566: символ, представленный универсальным именем символа "\u00E0", невозможно представить в текущей кодовой странице (1251)
C:\Users\Mega Toad\source\repos\ARM\ARM\MyForm.cpp(169,63): warning C4566: символ, представленный универсальным именем символа "\u00E5", невозможно представить в текущей кодовой странице (1251)
C:\Users\Mega Toad\source\repos\ARM\ARM\MyForm.cpp(188,20): warning C4566: символ, представленный универсальным именем символа "\u00CE", невозможно представить в текущей кодовой странице (1251)
C:\Users\Mega Toad\source\repos\ARM\ARM\MyForm.cpp(188,20): warning C4566: символ, представленный универсальным именем символа "\u00F8", невозможно представить в текущей кодовой странице (1251)
C:\Users\Mega Toad\source\repos\ARM\ARM\MyForm.cpp(188,20): warning C4566: символ, представленный универсальным именем символа "\u00E8", невозможно представить в текущей кодовой странице (1251)
C:\Users\Mega Toad\source\repos\ARM\ARM\MyForm.cpp(188,20): warning C4566: символ, представленный универсальным именем символа "\u00E1", невозможно представить в текущей кодовой странице (1251)
C:\Users\Mega Toad\source\repos\ARM\ARM\MyForm.cpp(188,20): warning C4566: символ, представленный универсальным именем символа "\u00EA", невозможно представить в текущей кодовой странице (1251)
C:\Users\Mega Toad\source\repos\ARM\ARM\MyForm.cpp(188,20): warning C4566: символ, представленный универсальным именем символа "\u00E0", невозможно представить в текущей кодовой странице (1251)
C:\Users\Mega Toad\source\repos\ARM\ARM\MyForm.cpp(188,20): warning C4566: символ, представленный универсальным именем символа "\u00E2", невозможно представить в текущей кодовой странице (1251)
C:\Users\Mega Toad\source\repos\ARM\ARM\MyForm.cpp(188,20): warning C4566: символ, представленный универсальным именем символа "\u00FB", невозможно представить в текущей кодовой странице (1251)
C:\Users\Mega Toad\source\repos\ARM\ARM\MyForm.cpp(188,20): warning C4566: символ, представленный универсальным именем символа "\u00EF", невозможно представить в текущей кодовой странице (1251)
C:\Users\Mega Toad\source\repos\ARM\ARM\MyForm.cpp(188,20): warning C4566: символ, представленный универсальным именем символа "\u00EE", невозможно представить в текущей кодовой странице (1251)
C:\Users\Mega Toad\source\repos\ARM\ARM\MyForm.cpp(188,20): warning C4566: символ, представленный универсальным именем символа "\u00EB", невозможно представить в текущей кодовой странице (1251)
C:\Users\Mega Toad\source\repos\ARM\ARM\MyForm.cpp(188,20): warning C4566: символ, представленный универсальным именем символа "\u00ED", невозможно представить в текущей кодовой странице (1251)
C:\Users\Mega Toad\source\repos\ARM\ARM\MyForm.cpp(188,20): warning C4566: символ, представленный универсальным именем символа "\u00E5", невозможно представить в текущей кодовой странице (1251)
C:\Users\Mega Toad\source\repos\ARM\ARM\MyForm.cpp(188,20): warning C4566: символ, представленный универсальным именем символа "\u00FF", невозможно представить в текущей кодовой странице (1251)
C:\Users\Mega Toad\source\repos\ARM\ARM\MyForm.cpp(188,20): warning C4566: символ, представленный универсальным именем символа "\u00E7", невозможно представить в текущей кодовой странице (1251)
C:\Users\Mega Toad\source\repos\ARM\ARM\MyForm.cpp(188,20): warning C4566: символ, представленный универсальным именем символа "\u00F0", невозможно представить в текущей кодовой странице (1251)
C:\Users\Mega Toad\source\repos\ARM\ARM\MyForm.cpp(188,20): warning C4566: символ, представленный универсальным именем символа "\u00F1", невозможно представить в текущей кодовой странице (1251)
C:\Users\Mega Toad\source\repos\ARM\ARM\MyForm.cpp(188,73): warning C4566: символ, представленный универсальным именем символа "\u00CE", невозможно представить в текущей кодовой странице (1251)
C:\Users\Mega Toad\source\repos\ARM\ARM\MyForm.cpp(188,73): warning C4566: символ, представленный универсальным именем символа "\u00F8", невозможно представить в текущей кодовой странице (1251)
C:\Users\Mega Toad\source\repos\ARM\ARM\MyForm.cpp(188,73): warning C4566: символ, представленный универсальным именем символа "\u00E8", невозможно представить в текущей кодовой странице (1251)
C:\Users\Mega Toad\source\repos\ARM\ARM\MyForm.cpp(188,73): warning C4566: символ, представленный универсальным именем символа "\u00E1", невозможно представить в текущей кодовой странице (1251)
C:\Users\Mega Toad\source\repos\ARM\ARM\MyForm.cpp(188,73): warning C4566: символ, представленный универсальным именем символа "\u00EA", невозможно представить в текущей кодовой странице (1251)
C:\Users\Mega Toad\source\repos\ARM\ARM\MyForm.cpp(188,73): warning C4566: символ, представленный универсальным именем символа "\u00E0", невозможно представить в текущей кодовой странице (1251)
C:\Users\Mega Toad\source\repos\ARM\ARM\MyForm.cpp(190,20): warning C4566: символ, представленный универсальным именем символа "\u00C4", невозможно представить в текущей кодовой странице (1251)
C:\Users\Mega Toad\source\repos\ARM\ARM\MyForm.cpp(190,20): warning C4566: символ, представленный универсальным именем символа "\u00E0", невозможно представить в текущей кодовой странице (1251)
C:\Users\Mega Toad\source\repos\ARM\ARM\MyForm.cpp(190,20): warning C4566: символ, представленный универсальным именем символа "\u00ED", невозможно представить в текущей кодовой странице (1251)
C:\Users\Mega Toad\source\repos\ARM\ARM\MyForm.cpp(190,20): warning C4566: символ, представленный универсальным именем символа "\u00FB", невозможно представить в текущей кодовой странице (1251)
C:\Users\Mega Toad\source\repos\ARM\ARM\MyForm.cpp(190,20): warning C4566: символ, представленный универсальным именем символа "\u00E5", невозможно представить в текущей кодовой странице (1251)
C:\Users\Mega Toad\source\repos\ARM\ARM\MyForm.cpp(190,20): warning C4566: символ, представленный универсальным именем символа "\u00E4", невозможно представить в текущей кодовой странице (1251)
C:\Users\Mega Toad\source\repos\ARM\ARM\MyForm.cpp(190,20): warning C4566: символ, представленный универсальным именем символа "\u00EE", невозможно представить в текущей кодовой странице (1251)
C:\Users\Mega Toad\source\repos\ARM\ARM\MyForm.cpp(190,20): warning C4566: символ, представленный универсальным именем символа "\u00E1", невозможно представить в текущей кодовой странице (1251)
C:\Users\Mega Toad\source\repos\ARM\ARM\MyForm.cpp(190,20): warning C4566: символ, представленный универсальным именем символа "\u00E2", невозможно представить в текущей кодовой странице (1251)
C:\Users\Mega Toad\source\repos\ARM\ARM\MyForm.cpp(190,20): warning C4566: символ, представленный универсальным именем символа "\u00EB", невозможно представить в текущей кодовой странице (1251)
C:\Users\Mega Toad\source\repos\ARM\ARM\MyForm.cpp(190,56): warning C4566: символ, представленный универсальным именем символа "\u00C3", невозможно представить в текущей кодовой странице (1251)
C:\Users\Mega Toad\source\repos\ARM\ARM\MyForm.cpp(190,56): warning C4566: символ, представленный универсальным именем символа "\u00EE", невозможно представить в текущей кодовой странице (1251)
C:\Users\Mega Toad\source\repos\ARM\ARM\MyForm.cpp(190,56): warning C4566: символ, представленный универсальным именем символа "\u00F2", невозможно представить в текущей кодовой странице (1251)
C:\Users\Mega Toad\source\repos\ARM\ARM\MyForm.cpp(190,56): warning C4566: символ, представленный универсальным именем символа "\u00E2", невозможно представить в текущей кодовой странице (1251)
C:\Users\Mega Toad\source\repos\ARM\ARM\MyForm.cpp(199,20): warning C4566: символ, представленный универсальным именем символа "\u00C2", невозможно представить в текущей кодовой странице (1251)
C:\Users\Mega Toad\source\repos\ARM\ARM\MyForm.cpp(199,20): warning C4566: символ, представленный универсальным именем символа "\u00FB", невозможно представить в текущей кодовой странице (1251)
C:\Users\Mega Toad\source\repos\ARM\ARM\MyForm.cpp(199,20): warning C4566: символ, представленный универсальным именем символа "\u00E1", невозможно представить в текущей кодовой странице (1251)
C:\Users\Mega Toad\source\repos\ARM\ARM\MyForm.cpp(199,20): warning C4566: символ, представленный универсальным именем символа "\u00E5", невозможно представить в текущей кодовой странице (1251)
C:\Users\Mega Toad\source\repos\ARM\ARM\MyForm.cpp(199,20): warning C4566: символ, представленный универсальным именем символа "\u00F0", невозможно представить в текущей кодовой странице (1251)
C:\Users\Mega Toad\source\repos\ARM\ARM\MyForm.cpp(199,20): warning C4566: символ, представленный универсальным именем символа "\u00E8", невозможно представить в текущей кодовой странице (1251)
C:\Users\Mega Toad\source\repos\ARM\ARM\MyForm.cpp(199,20): warning C4566: символ, представленный универсальным именем символа "\u00F2", невозможно представить в текущей кодовой странице (1251)
C:\Users\Mega Toad\source\repos\ARM\ARM\MyForm.cpp(199,20): warning C4566: символ, представленный универсальным именем символа "\u00EE", невозможно представить в текущей кодовой странице (1251)
C:\Users\Mega Toad\source\repos\ARM\ARM\MyForm.cpp(199,20): warning C4566: символ, представленный универсальным именем символа "\u00E4", невозможно представить в текущей кодовой странице (1251)
C:\Users\Mega Toad\source\repos\ARM\ARM\MyForm.cpp(199,20): warning C4566: символ, представленный универсальным именем символа "\u00ED", невозможно представить в текущей кодовой странице (1251)
C:\Users\Mega Toad\source\repos\ARM\ARM\MyForm.cpp(199,20): warning C4566: символ, представленный универсальным именем символа "\u00F3", невозможно представить в текущей кодовой странице (1251)
C:\Users\Mega Toad\source\repos\ARM\ARM\MyForm.cpp(199,20): warning C4566: символ, представленный универсальным именем символа "\u00F1", невозможно представить в текущей кодовой странице (1251)
C:\Users\Mega Toad\source\repos\ARM\ARM\MyForm.cpp(199,20): warning C4566: символ, представленный универсальным именем символа "\u00EA", невозможно представить в текущей кодовой странице (1251)
C:\Users\Mega Toad\source\repos\ARM\ARM\MyForm.cpp(199,20): warning C4566: символ, представленный универсальным именем символа "\u00EB", невозможно представить в текущей кодовой странице (1251)
C:\Users\Mega Toad\source\repos\ARM\ARM\MyForm.cpp(199,20): warning C4566: символ, представленный универсальным именем символа "\u00FF", невозможно представить в текущей кодовой странице (1251)
C:\Users\Mega Toad\source\repos\ARM\ARM\MyForm.cpp(199,20): warning C4566: символ, представленный универсальным именем символа "\u00E0", невозможно представить в текущей кодовой странице (1251)
C:\Users\Mega Toad\source\repos\ARM\ARM\MyForm.cpp(199,20): warning C4566: символ, представленный универсальным именем символа "\u00E2", невозможно представить в текущей кодовой странице (1251)
C:\Users\Mega Toad\source\repos\ARM\ARM\MyForm.cpp(199,91): warning C4566: символ, представленный универсальным именем символа "\u00C2", невозможно представить в текущей кодовой странице (1251)
C:\Users\Mega Toad\source\repos\ARM\ARM\MyForm.cpp(199,91): warning C4566: символ, представленный универсальным именем символа "\u00ED", невозможно представить в текущей кодовой странице (1251)
C:\Users\Mega Toad\source\repos\ARM\ARM\MyForm.cpp(199,91): warning C4566: символ, представленный универсальным именем символа "\u00E8", невозможно представить в текущей кодовой странице (1251)
C:\Users\Mega Toad\source\repos\ARM\ARM\MyForm.cpp(199,91): warning C4566: символ, представленный универсальным именем символа "\u00EC", невозможно представить в текущей кодовой странице (1251)
C:\Users\Mega Toad\source\repos\ARM\ARM\MyForm.cpp(199,91): warning C4566: символ, представленный универсальным именем символа "\u00E0", невозможно представить в текущей кодовой странице (1251)
C:\Users\Mega Toad\source\repos\ARM\ARM\MyForm.cpp(199,91): warning C4566: символ, представленный универсальным именем символа "\u00E5", невозможно представить в текущей кодовой странице (1251)
C:\Users\Mega Toad\source\repos\ARM\ARM\MyForm.cpp(207,20): warning C4566: символ, представленный универсальным именем символа "\u00CD", невозможно представить в текущей кодовой странице (1251)
C:\Users\Mega Toad\source\repos\ARM\ARM\MyForm.cpp(207,20): warning C4566: символ, представленный универсальным именем символа "\u00E5", невозможно представить в текущей кодовой странице (1251)
C:\Users\Mega Toad\source\repos\ARM\ARM\MyForm.cpp(207,20): warning C4566: символ, представленный универсальным именем символа "\u00E2", невозможно представить в текущей кодовой странице (1251)
C:\Users\Mega Toad\source\repos\ARM\ARM\MyForm.cpp(207,20): warning C4566: символ, представленный универсальным именем символа "\u00F1", невозможно представить в текущей кодовой странице (1251)
C:\Users\Mega Toad\source\repos\ARM\ARM\MyForm.cpp(207,20): warning C4566: символ, представленный универсальным именем символа "\u00E4", невозможно представить в текущей кодовой странице (1251)
C:\Users\Mega Toad\source\repos\ARM\ARM\MyForm.cpp(207,20): warning C4566: символ, представленный универсальным именем символа "\u00E0", невозможно представить в текущей кодовой странице (1251)
C:\Users\Mega Toad\source\repos\ARM\ARM\MyForm.cpp(207,20): warning C4566: символ, представленный универсальным именем символа "\u00ED", невозможно представить в текущей кодовой странице (1251)
C:\Users\Mega Toad\source\repos\ARM\ARM\MyForm.cpp(207,20): warning C4566: символ, представленный универсальным именем символа "\u00FB", невозможно представить в текущей кодовой странице (1251)
C:\Users\Mega Toad\source\repos\ARM\ARM\MyForm.cpp(207,64): warning C4566: символ, представленный универсальным именем символа "\u00C2", невозможно представить в текущей кодовой странице (1251)
C:\Users\Mega Toad\source\repos\ARM\ARM\MyForm.cpp(207,64): warning C4566: символ, представленный универсальным именем символа "\u00ED", невозможно представить в текущей кодовой странице (1251)
C:\Users\Mega Toad\source\repos\ARM\ARM\MyForm.cpp(207,64): warning C4566: символ, представленный универсальным именем символа "\u00E8", невозможно представить в текущей кодовой странице (1251)
C:\Users\Mega Toad\source\repos\ARM\ARM\MyForm.cpp(207,64): warning C4566: символ, представленный универсальным именем символа "\u00EC", невозможно представить в текущей кодовой странице (1251)
C:\Users\Mega Toad\source\repos\ARM\ARM\MyForm.cpp(207,64): warning C4566: символ, представленный универсальным именем символа "\u00E0", невозможно представить в текущей кодовой странице (1251)
C:\Users\Mega Toad\source\repos\ARM\ARM\MyForm.cpp(207,64): warning C4566: символ, представленный универсальным именем символа "\u00E5", невозможно представить в текущей кодовой странице (1251)
C:\Users\Mega Toad\source\repos\ARM\ARM\MyForm.cpp(221,20): warning C4566: символ, представленный универсальным именем символа "\u00CE", невозможно представить в текущей кодовой странице (1251)
C:\Users\Mega Toad\source\repos\ARM\ARM\MyForm.cpp(221,20): warning C4566: символ, представленный универсальным именем символа "\u00F8", невозможно представить в текущей кодовой странице (1251)
C:\Users\Mega Toad\source\repos\ARM\ARM\MyForm.cpp(221,20): warning C4566: символ, представленный универсальным именем символа "\u00E8", невозможно представить в текущей кодовой странице (1251)
C:\Users\Mega Toad\source\repos\ARM\ARM\MyForm.cpp(221,20): warning C4566: символ, представленный универсальным именем символа "\u00E1", невозможно представить в текущей кодовой странице (1251)
C:\Users\Mega Toad\source\repos\ARM\ARM\MyForm.cpp(221,20): warning C4566: символ, представленный универсальным именем символа "\u00EA", невозможно представить в текущей кодовой странице (1251)
C:\Users\Mega Toad\source\repos\ARM\ARM\MyForm.cpp(221,20): warning C4566: символ, представленный универсальным именем символа "\u00E0", невозможно представить в текущей кодовой странице (1251)
C:\Users\Mega Toad\source\repos\ARM\ARM\MyForm.cpp(221,20): warning C4566: символ, представленный универсальным именем символа "\u00E2", невозможно представить в текущей кодовой странице (1251)
C:\Users\Mega Toad\source\repos\ARM\ARM\MyForm.cpp(221,20): warning C4566: символ, представленный универсальным именем символа "\u00FB", невозможно представить в текущей кодовой странице (1251)
C:\Users\Mega Toad\source\repos\ARM\ARM\MyForm.cpp(221,20): warning C4566: символ, представленный универсальным именем символа "\u00EF", невозможно представить в текущей кодовой странице (1251)
C:\Users\Mega Toad\source\repos\ARM\ARM\MyForm.cpp(221,20): warning C4566: символ, представленный универсальным именем символа "\u00EE", невозможно представить в текущей кодовой странице (1251)
C:\Users\Mega Toad\source\repos\ARM\ARM\MyForm.cpp(221,20): warning C4566: символ, представленный универсальным именем символа "\u00EB", невозможно представить в текущей кодовой странице (1251)
C:\Users\Mega Toad\source\repos\ARM\ARM\MyForm.cpp(221,20): warning C4566: символ, представленный универсальным именем символа "\u00ED", невозможно представить в текущей кодовой странице (1251)
C:\Users\Mega Toad\source\repos\ARM\ARM\MyForm.cpp(221,20): warning C4566: символ, представленный универсальным именем символа "\u00E5", невозможно представить в текущей кодовой странице (1251)
C:\Users\Mega Toad\source\repos\ARM\ARM\MyForm.cpp(221,20): warning C4566: символ, представленный универсальным именем символа "\u00FF", невозможно представить в текущей кодовой странице (1251)
C:\Users\Mega Toad\source\repos\ARM\ARM\MyForm.cpp(221,20): warning C4566: символ, представленный универсальным именем символа "\u00E7", невозможно представить в текущей кодовой странице (1251)
C:\Users\Mega Toad\source\repos\ARM\ARM\MyForm.cpp(221,20): warning C4566: символ, представленный универсальным именем символа "\u00F0", невозможно представить в текущей кодовой странице (1251)
C:\Users\Mega Toad\source\repos\ARM\ARM\MyForm.cpp(221,20): warning C4566: символ, представленный универсальным именем символа "\u00F1", невозможно представить в текущей кодовой странице (1251)
C:\Users\Mega Toad\source\repos\ARM\ARM\MyForm.cpp(221,73): warning C4566: символ, представленный универсальным именем символа "\u00CE", невозможно представить в текущей кодовой странице (1251)
C:\Users\Mega Toad\source\repos\ARM\ARM\MyForm.cpp(221,73): warning C4566: символ, представленный универсальным именем символа "\u00F8", невозможно представить в текущей кодовой странице (1251)
C:\Users\Mega Toad\source\repos\ARM\ARM\MyForm.cpp(221,73): warning C4566: символ, представленный универсальным именем символа "\u00E8", невозможно представить в текущей кодовой странице (1251)
C:\Users\Mega Toad\source\repos\ARM\ARM\MyForm.cpp(221,73): warning C4566: символ, представленный универсальным именем символа "\u00E1", невозможно представить в текущей кодовой странице (1251)
C:\Users\Mega Toad\source\repos\ARM\ARM\MyForm.cpp(221,73): warning C4566: символ, представленный универсальным именем символа "\u00EA", невозможно представить в текущей кодовой странице (1251)
C:\Users\Mega Toad\source\repos\ARM\ARM\MyForm.cpp(221,73): warning C4566: символ, представленный универсальным именем символа "\u00E0", невозможно представить в текущей кодовой странице (1251)
C:\Users\Mega Toad\source\repos\ARM\ARM\MyForm.cpp(223,20): warning C4566: символ, представленный универсальным именем символа "\u00C4", невозможно представить в текущей кодовой странице (1251)
C:\Users\Mega Toad\source\repos\ARM\ARM\MyForm.cpp(223,20): warning C4566: символ, представленный универсальным именем символа "\u00E0", невозможно представить в текущей кодовой странице (1251)
C:\Users\Mega Toad\source\repos\ARM\ARM\MyForm.cpp(223,20): warning C4566: символ, представленный универсальным именем символа "\u00ED", невозможно представить в текущей кодовой странице (1251)
C:\Users\Mega Toad\source\repos\ARM\ARM\MyForm.cpp(223,20): warning C4566: символ, представленный универсальным именем символа "\u00FB", невозможно представить в текущей кодовой странице (1251)
C:\Users\Mega Toad\source\repos\ARM\ARM\MyForm.cpp(223,20): warning C4566: символ, представленный универсальным именем символа "\u00E5", невозможно представить в текущей кодовой странице (1251)
C:\Users\Mega Toad\source\repos\ARM\ARM\MyForm.cpp(223,20): warning C4566: символ, представленный универсальным именем символа "\u00F3", невозможно представить в текущей кодовой странице (1251)
C:\Users\Mega Toad\source\repos\ARM\ARM\MyForm.cpp(223,20): warning C4566: символ, представленный универсальным именем символа "\u00E4", невозможно представить в текущей кодовой странице (1251)
C:\Users\Mega Toad\source\repos\ARM\ARM\MyForm.cpp(223,20): warning C4566: символ, представленный универсальным именем символа "\u00EB", невозможно представить в текущей кодовой странице (1251)
C:\Users\Mega Toad\source\repos\ARM\ARM\MyForm.cpp(223,52): warning C4566: символ, представленный универсальным именем символа "\u00C3", невозможно представить в текущей кодовой странице (1251)
C:\Users\Mega Toad\source\repos\ARM\ARM\MyForm.cpp(223,52): warning C4566: символ, представленный универсальным именем символа "\u00EE", невозможно представить в текущей кодовой странице (1251)
C:\Users\Mega Toad\source\repos\ARM\ARM\MyForm.cpp(223,52): warning C4566: символ, представленный универсальным именем символа "\u00F2", невозможно представить в текущей кодовой странице (1251)
C:\Users\Mega Toad\source\repos\ARM\ARM\MyForm.cpp(223,52): warning C4566: символ, представленный универсальным именем символа "\u00E2", невозможно представить в текущей кодовой странице (1251)
C:\Users\Mega Toad\source\repos\ARM\ARM\MyForm.cpp(243,72): warning C4566: символ, представленный универсальным именем символа "\u00CE", невозможно представить в текущей кодовой странице (1251)
C:\Users\Mega Toad\source\repos\ARM\ARM\MyForm.cpp(243,72): warning C4566: символ, представленный универсальным именем символа "\u00F8", невозможно представить в текущей кодовой странице (1251)
C:\Users\Mega Toad\source\repos\ARM\ARM\MyForm.cpp(243,72): warning C4566: символ, представленный универсальным именем символа "\u00E8", невозможно представить в текущей кодовой странице (1251)
C:\Users\Mega Toad\source\repos\ARM\ARM\MyForm.cpp(243,72): warning C4566: символ, представленный универсальным именем символа "\u00E1", невозможно представить в текущей кодовой странице (1251)
C:\Users\Mega Toad\source\repos\ARM\ARM\MyForm.cpp(243,72): warning C4566: символ, представленный универсальным именем символа "\u00EA", невозможно представить в текущей кодовой странице (1251)
C:\Users\Mega Toad\source\repos\ARM\ARM\MyForm.cpp(243,72): warning C4566: символ, представленный универсальным именем символа "\u00E0", невозможно представить в текущей кодовой странице (1251)
C:\Users\Mega Toad\source\repos\ARM\ARM\MyForm.cpp(262,20): warning C4566: символ, представленный универсальным именем символа "\u00C2", невозможно представить в текущей кодовой странице (1251)
C:\Users\Mega Toad\source\repos\ARM\ARM\MyForm.cpp(262,20): warning C4566: символ, представленный универсальным именем символа "\u00FB", невозможно представить в текущей кодовой странице (1251)
C:\Users\Mega Toad\source\repos\ARM\ARM\MyForm.cpp(262,20): warning C4566: символ, представленный универсальным именем символа "\u00E1", невозможно представить в текущей кодовой странице (1251)
C:\Users\Mega Toad\source\repos\ARM\ARM\MyForm.cpp(262,20): warning C4566: символ, представленный универсальным именем символа "\u00E5", невозможно представить в текущей кодовой странице (1251)
C:\Users\Mega Toad\source\repos\ARM\ARM\MyForm.cpp(262,20): warning C4566: символ, представленный универсальным именем символа "\u00F0", невозможно представить в текущей кодовой странице (1251)
C:\Users\Mega Toad\source\repos\ARM\ARM\MyForm.cpp(262,20): warning C4566: символ, представленный универсальным именем символа "\u00E8", невозможно представить в текущей кодовой странице (1251)
C:\Users\Mega Toad\source\repos\ARM\ARM\MyForm.cpp(262,20): warning C4566: символ, представленный универсальным именем символа "\u00F2", невозможно представить в текущей кодовой странице (1251)
C:\Users\Mega Toad\source\repos\ARM\ARM\MyForm.cpp(262,20): warning C4566: символ, представленный универсальным именем символа "\u00EE", невозможно представить в текущей кодовой странице (1251)
C:\Users\Mega Toad\source\repos\ARM\ARM\MyForm.cpp(262,20): warning C4566: символ, представленный универсальным именем символа "\u00E4", невозможно представить в текущей кодовой странице (1251)
C:\Users\Mega Toad\source\repos\ARM\ARM\MyForm.cpp(262,20): warning C4566: символ, представленный универсальным именем символа "\u00ED", невозможно представить в текущей кодовой странице (1251)
C:\Users\Mega Toad\source\repos\ARM\ARM\MyForm.cpp(262,20): warning C4566: символ, представленный универсальным именем символа "\u00F3", невозможно представить в текущей кодовой странице (1251)
C:\Users\Mega Toad\source\repos\ARM\ARM\MyForm.cpp(262,20): warning C4566: символ, представленный универсальным именем символа "\u00F1", невозможно представить в текущей кодовой странице (1251)
C:\Users\Mega Toad\source\repos\ARM\ARM\MyForm.cpp(262,20): warning C4566: символ, представленный универсальным именем символа "\u00EA", невозможно представить в текущей кодовой странице (1251)
C:\Users\Mega Toad\source\repos\ARM\ARM\MyForm.cpp(262,20): warning C4566: символ, представленный универсальным именем символа "\u00EB", невозможно представить в текущей кодовой странице (1251)
C:\Users\Mega Toad\source\repos\ARM\ARM\MyForm.cpp(262,20): warning C4566: символ, представленный универсальным именем символа "\u00FF", невозможно представить в текущей кодовой странице (1251)
C:\Users\Mega Toad\source\repos\ARM\ARM\MyForm.cpp(262,20): warning C4566: символ, представленный универсальным именем символа "\u00E0", невозможно представить в текущей кодовой странице (1251)
C:\Users\Mega Toad\source\repos\ARM\ARM\MyForm.cpp(262,20): warning C4566: символ, представленный универсальным именем символа "\u00E2", невозможно представить в текущей кодовой странице (1251)
C:\Users\Mega Toad\source\repos\ARM\ARM\MyForm.cpp(262,91): warning C4566: символ, представленный универсальным именем символа "\u00C2", невозможно представить в текущей кодовой странице (1251)
C:\Users\Mega Toad\source\repos\ARM\ARM\MyForm.cpp(262,91): warning C4566: символ, представленный универсальным именем символа "\u00ED", невозможно представить в текущей кодовой странице (1251)
C:\Users\Mega Toad\source\repos\ARM\ARM\MyForm.cpp(262,91): warning C4566: символ, представленный универсальным именем символа "\u00E8", невозможно представить в текущей кодовой странице (1251)
C:\Users\Mega Toad\source\repos\ARM\ARM\MyForm.cpp(262,91): warning C4566: символ, представленный универсальным именем символа "\u00EC", невозможно представить в текущей кодовой странице (1251)
C:\Users\Mega Toad\source\repos\ARM\ARM\MyForm.cpp(262,91): warning C4566: символ, представленный универсальным именем символа "\u00E0", невозможно представить в текущей кодовой странице (1251)
C:\Users\Mega Toad\source\repos\ARM\ARM\MyForm.cpp(262,91): warning C4566: символ, представленный универсальным именем символа "\u00E5", невозможно представить в текущей кодовой странице (1251)
C:\Users\Mega Toad\source\repos\ARM\ARM\MyForm.cpp(272,63): warning C4566: символ, представленный универсальным именем символа "\u00C2", невозможно представить в текущей кодовой странице (1251)
C:\Users\Mega Toad\source\repos\ARM\ARM\MyForm.cpp(272,63): warning C4566: символ, представленный универсальным именем символа "\u00ED", невозможно представить в текущей кодовой странице (1251)
C:\Users\Mega Toad\source\repos\ARM\ARM\MyForm.cpp(272,63): warning C4566: символ, представленный универсальным именем символа "\u00E8", невозможно представить в текущей кодовой странице (1251)
C:\Users\Mega Toad\source\repos\ARM\ARM\MyForm.cpp(272,63): warning C4566: символ, представленный универсальным именем символа "\u00EC", невозможно представить в текущей кодовой странице (1251)
C:\Users\Mega Toad\source\repos\ARM\ARM\MyForm.cpp(272,63): warning C4566: символ, представленный универсальным именем символа "\u00E0", невозможно представить в текущей кодовой странице (1251)
C:\Users\Mega Toad\source\repos\ARM\ARM\MyForm.cpp(272,63): warning C4566: символ, представленный универсальным именем символа "\u00E5", невозможно представить в текущей кодовой странице (1251)
C:\Users\Mega Toad\source\repos\ARM\ARM\MyForm.cpp(289,20): warning C4566: символ, представленный универсальным именем символа "\u00CE", невозможно представить в текущей кодовой странице (1251)
C:\Users\Mega Toad\source\repos\ARM\ARM\MyForm.cpp(289,20): warning C4566: символ, представленный универсальным именем символа "\u00F8", невозможно представить в текущей кодовой странице (1251)
C:\Users\Mega Toad\source\repos\ARM\ARM\MyForm.cpp(289,20): warning C4566: символ, представленный универсальным именем символа "\u00E8", невозможно представить в текущей кодовой странице (1251)
C:\Users\Mega Toad\source\repos\ARM\ARM\MyForm.cpp(289,20): warning C4566: символ, представленный универсальным именем символа "\u00E1", невозможно представить в текущей кодовой странице (1251)
C:\Users\Mega Toad\source\repos\ARM\ARM\MyForm.cpp(289,20): warning C4566: символ, представленный универсальным именем символа "\u00EA", невозможно представить в текущей кодовой странице (1251)
C:\Users\Mega Toad\source\repos\ARM\ARM\MyForm.cpp(289,20): warning C4566: символ, представленный универсальным именем символа "\u00E0", невозможно представить в текущей кодовой странице (1251)
C:\Users\Mega Toad\source\repos\ARM\ARM\MyForm.cpp(289,20): warning C4566: символ, представленный универсальным именем символа "\u00E2", невозможно представить в текущей кодовой странице (1251)
C:\Users\Mega Toad\source\repos\ARM\ARM\MyForm.cpp(289,20): warning C4566: символ, представленный универсальным именем символа "\u00FB", невозможно представить в текущей кодовой странице (1251)
C:\Users\Mega Toad\source\repos\ARM\ARM\MyForm.cpp(289,20): warning C4566: символ, представленный универсальным именем символа "\u00EF", невозможно представить в текущей кодовой странице (1251)
C:\Users\Mega Toad\source\repos\ARM\ARM\MyForm.cpp(289,20): warning C4566: символ, представленный универсальным именем символа "\u00EE", невозможно представить в текущей кодовой странице (1251)
C:\Users\Mega Toad\source\repos\ARM\ARM\MyForm.cpp(289,20): warning C4566: символ, представленный универсальным именем символа "\u00EB", невозможно представить в текущей кодовой странице (1251)
C:\Users\Mega Toad\source\repos\ARM\ARM\MyForm.cpp(289,20): warning C4566: символ, представленный универсальным именем символа "\u00ED", невозможно представить в текущей кодовой странице (1251)
C:\Users\Mega Toad\source\repos\ARM\ARM\MyForm.cpp(289,20): warning C4566: символ, представленный универсальным именем символа "\u00E5", невозможно представить в текущей кодовой странице (1251)
C:\Users\Mega Toad\source\repos\ARM\ARM\MyForm.cpp(289,20): warning C4566: символ, представленный универсальным именем символа "\u00FF", невозможно представить в текущей кодовой странице (1251)
C:\Users\Mega Toad\source\repos\ARM\ARM\MyForm.cpp(289,20): warning C4566: символ, представленный универсальным именем символа "\u00E7", невозможно представить в текущей кодовой странице (1251)
C:\Users\Mega Toad\source\repos\ARM\ARM\MyForm.cpp(289,20): warning C4566: символ, представленный универсальным именем символа "\u00F0", невозможно представить в текущей кодовой странице (1251)
C:\Users\Mega Toad\source\repos\ARM\ARM\MyForm.cpp(289,20): warning C4566: символ, представленный универсальным именем символа "\u00F1", невозможно представить в текущей кодовой странице (1251)
C:\Users\Mega Toad\source\repos\ARM\ARM\MyForm.cpp(289,73): warning C4566: символ, представленный универсальным именем символа "\u00CE", невозможно представить в текущей кодовой странице (1251)
C:\Users\Mega Toad\source\repos\ARM\ARM\MyForm.cpp(289,73): warning C4566: символ, представленный универсальным именем символа "\u00F8", невозможно представить в текущей кодовой странице (1251)
C:\Users\Mega Toad\source\repos\ARM\ARM\MyForm.cpp(289,73): warning C4566: символ, представленный универсальным именем символа "\u00E8", невозможно представить в текущей кодовой странице (1251)
C:\Users\Mega Toad\source\repos\ARM\ARM\MyForm.cpp(289,73): warning C4566: символ, представленный универсальным именем символа "\u00E1", невозможно представить в текущей кодовой странице (1251)
C:\Users\Mega Toad\source\repos\ARM\ARM\MyForm.cpp(289,73): warning C4566: символ, представленный универсальным именем символа "\u00EA", невозможно представить в текущей кодовой странице (1251)
C:\Users\Mega Toad\source\repos\ARM\ARM\MyForm.cpp(289,73): warning C4566: символ, представленный универсальным именем символа "\u00E0", невозможно представить в текущей кодовой странице (1251)
C:\Users\Mega Toad\source\repos\ARM\ARM\MyForm.cpp(291,20): warning C4566: символ, представленный универсальным именем символа "\u00C4", невозможно представить в текущей кодовой странице (1251)
C:\Users\Mega Toad\source\repos\ARM\ARM\MyForm.cpp(291,20): warning C4566: символ, представленный универсальным именем символа "\u00E0", невозможно представить в текущей кодовой странице (1251)
C:\Users\Mega Toad\source\repos\ARM\ARM\MyForm.cpp(291,20): warning C4566: символ, представленный универсальным именем символа "\u00ED", невозможно представить в текущей кодовой странице (1251)
C:\Users\Mega Toad\source\repos\ARM\ARM\MyForm.cpp(291,20): warning C4566: символ, представленный универсальным именем символа "\u00FB", невозможно представить в текущей кодовой странице (1251)
C:\Users\Mega Toad\source\repos\ARM\ARM\MyForm.cpp(291,20): warning C4566: символ, представленный универсальным именем символа "\u00E5", невозможно представить в текущей кодовой странице (1251)
C:\Users\Mega Toad\source\repos\ARM\ARM\MyForm.cpp(291,20): warning C4566: символ, представленный универсальным именем символа "\u00E4", невозможно представить в текущей кодовой странице (1251)
C:\Users\Mega Toad\source\repos\ARM\ARM\MyForm.cpp(291,20): warning C4566: символ, представленный универсальным именем символа "\u00EE", невозможно представить в текущей кодовой странице (1251)
C:\Users\Mega Toad\source\repos\ARM\ARM\MyForm.cpp(291,20): warning C4566: символ, представленный универсальным именем символа "\u00E1", невозможно представить в текущей кодовой странице (1251)
C:\Users\Mega Toad\source\repos\ARM\ARM\MyForm.cpp(291,20): warning C4566: символ, представленный универсальным именем символа "\u00E2", невозможно представить в текущей кодовой странице (1251)
C:\Users\Mega Toad\source\repos\ARM\ARM\MyForm.cpp(291,20): warning C4566: символ, представленный универсальным именем символа "\u00EB", невозможно представить в текущей кодовой странице (1251)
C:\Users\Mega Toad\source\repos\ARM\ARM\MyForm.cpp(291,56): warning C4566: символ, представленный универсальным именем символа "\u00C3", невозможно представить в текущей кодовой странице (1251)
C:\Users\Mega Toad\source\repos\ARM\ARM\MyForm.cpp(291,56): warning C4566: символ, представленный универсальным именем символа "\u00EE", невозможно представить в текущей кодовой странице (1251)
C:\Users\Mega Toad\source\repos\ARM\ARM\MyForm.cpp(291,56): warning C4566: символ, представленный универсальным именем символа "\u00F2", невозможно представить в текущей кодовой странице (1251)
C:\Users\Mega Toad\source\repos\ARM\ARM\MyForm.cpp(291,56): warning C4566: символ, представленный универсальным именем символа "\u00E2", невозможно представить в текущей кодовой странице (1251)
C:\Users\Mega Toad\source\repos\ARM\ARM\MyForm.cpp(300,20): warning C4566: символ, представленный универсальным именем символа "\u00C2", невозможно представить в текущей кодовой странице (1251)
C:\Users\Mega Toad\source\repos\ARM\ARM\MyForm.cpp(300,20): warning C4566: символ, представленный универсальным именем символа "\u00FB", невозможно представить в текущей кодовой странице (1251)
C:\Users\Mega Toad\source\repos\ARM\ARM\MyForm.cpp(300,20): warning C4566: символ, представленный универсальным именем символа "\u00E1", невозможно представить в текущей кодовой странице (1251)
C:\Users\Mega Toad\source\repos\ARM\ARM\MyForm.cpp(300,20): warning C4566: символ, представленный универсальным именем символа "\u00E5", невозможно представить в текущей кодовой странице (1251)
C:\Users\Mega Toad\source\repos\ARM\ARM\MyForm.cpp(300,20): warning C4566: символ, представленный универсальным именем символа "\u00F0", невозможно представить в текущей кодовой странице (1251)
C:\Users\Mega Toad\source\repos\ARM\ARM\MyForm.cpp(300,20): warning C4566: символ, представленный универсальным именем символа "\u00E8", невозможно представить в текущей кодовой странице (1251)
C:\Users\Mega Toad\source\repos\ARM\ARM\MyForm.cpp(300,20): warning C4566: символ, представленный универсальным именем символа "\u00F2", невозможно представить в текущей кодовой странице (1251)
C:\Users\Mega Toad\source\repos\ARM\ARM\MyForm.cpp(300,20): warning C4566: символ, представленный универсальным именем символа "\u00EE", невозможно представить в текущей кодовой странице (1251)
C:\Users\Mega Toad\source\repos\ARM\ARM\MyForm.cpp(300,20): warning C4566: символ, представленный универсальным именем символа "\u00E4", невозможно представить в текущей кодовой странице (1251)
C:\Users\Mega Toad\source\repos\ARM\ARM\MyForm.cpp(300,20): warning C4566: символ, представленный универсальным именем символа "\u00ED", невозможно представить в текущей кодовой странице (1251)
C:\Users\Mega Toad\source\repos\ARM\ARM\MyForm.cpp(300,20): warning C4566: символ, представленный универсальным именем символа "\u00F3", невозможно представить в текущей кодовой странице (1251)
C:\Users\Mega Toad\source\repos\ARM\ARM\MyForm.cpp(300,20): warning C4566: символ, представленный универсальным именем символа "\u00F1", невозможно представить в текущей кодовой странице (1251)
C:\Users\Mega Toad\source\repos\ARM\ARM\MyForm.cpp(300,20): warning C4566: символ, представленный универсальным именем символа "\u00EA", невозможно представить в текущей кодовой странице (1251)
C:\Users\Mega Toad\source\repos\ARM\ARM\MyForm.cpp(300,20): warning C4566: символ, представленный универсальным именем символа "\u00EB", невозможно представить в текущей кодовой странице (1251)
C:\Users\Mega Toad\source\repos\ARM\ARM\MyForm.cpp(300,20): warning C4566: символ, представленный универсальным именем символа "\u00FF", невозможно представить в текущей кодовой странице (1251)
C:\Users\Mega Toad\source\repos\ARM\ARM\MyForm.cpp(300,20): warning C4566: символ, представленный универсальным именем символа "\u00E0", невозможно представить в текущей кодовой странице (1251)
C:\Users\Mega Toad\source\repos\ARM\ARM\MyForm.cpp(300,20): warning C4566: символ, представленный универсальным именем символа "\u00E2", невозможно представить в текущей кодовой странице (1251)
C:\Users\Mega Toad\source\repos\ARM\ARM\MyForm.cpp(300,91): warning C4566: символ, представленный универсальным именем символа "\u00C2", невозможно представить в текущей кодовой странице (1251)
C:\Users\Mega Toad\source\repos\ARM\ARM\MyForm.cpp(300,91): warning C4566: символ, представленный универсальным именем символа "\u00ED", невозможно представить в текущей кодовой странице (1251)
C:\Users\Mega Toad\source\repos\ARM\ARM\MyForm.cpp(300,91): warning C4566: символ, представленный универсальным именем символа "\u00E8", невозможно представить в текущей кодовой странице (1251)
C:\Users\Mega Toad\source\repos\ARM\ARM\MyForm.cpp(300,91): warning C4566: символ, представленный универсальным именем символа "\u00EC", невозможно представить в текущей кодовой странице (1251)
C:\Users\Mega Toad\source\repos\ARM\ARM\MyForm.cpp(300,91): warning C4566: символ, представленный универсальным именем символа "\u00E0", невозможно представить в текущей кодовой странице (1251)
C:\Users\Mega Toad\source\repos\ARM\ARM\MyForm.cpp(300,91): warning C4566: символ, представленный универсальным именем символа "\u00E5", невозможно представить в текущей кодовой странице (1251)
C:\Users\Mega Toad\source\repos\ARM\ARM\MyForm.cpp(308,20): warning C4566: символ, представленный универсальным именем символа "\u00CD", невозможно представить в текущей кодовой странице (1251)
C:\Users\Mega Toad\source\repos\ARM\ARM\MyForm.cpp(308,20): warning C4566: символ, представленный универсальным именем символа "\u00E5", невозможно представить в текущей кодовой странице (1251)
C:\Users\Mega Toad\source\repos\ARM\ARM\MyForm.cpp(308,20): warning C4566: символ, представленный универсальным именем символа "\u00E2", невозможно представить в текущей кодовой странице (1251)
C:\Users\Mega Toad\source\repos\ARM\ARM\MyForm.cpp(308,20): warning C4566: символ, представленный универсальным именем символа "\u00F1", невозможно представить в текущей кодовой странице (1251)
C:\Users\Mega Toad\source\repos\ARM\ARM\MyForm.cpp(308,20): warning C4566: символ, представленный универсальным именем символа "\u00E4", невозможно представить в текущей кодовой странице (1251)
C:\Users\Mega Toad\source\repos\ARM\ARM\MyForm.cpp(308,20): warning C4566: символ, представленный универсальным именем символа "\u00E0", невозможно представить в текущей кодовой странице (1251)
C:\Users\Mega Toad\source\repos\ARM\ARM\MyForm.cpp(308,20): warning C4566: символ, представленный универсальным именем символа "\u00ED", невозможно представить в текущей кодовой странице (1251)
C:\Users\Mega Toad\source\repos\ARM\ARM\MyForm.cpp(308,20): warning C4566: символ, представленный универсальным именем символа "\u00FB", невозможно представить в текущей кодовой странице (1251)
C:\Users\Mega Toad\source\repos\ARM\ARM\MyForm.cpp(308,64): warning C4566: символ, представленный универсальным именем символа "\u00C2", невозможно представить в текущей кодовой странице (1251)
C:\Users\Mega Toad\source\repos\ARM\ARM\MyForm.cpp(308,64): warning C4566: символ, представленный универсальным именем символа "\u00ED", невозможно представить в текущей кодовой странице (1251)
C:\Users\Mega Toad\source\repos\ARM\ARM\MyForm.cpp(308,64): warning C4566: символ, представленный универсальным именем символа "\u00E8", невозможно представить в текущей кодовой странице (1251)
C:\Users\Mega Toad\source\repos\ARM\ARM\MyForm.cpp(308,64): warning C4566: символ, представленный универсальным именем символа "\u00EC", невозможно представить в текущей кодовой странице (1251)
C:\Users\Mega Toad\source\repos\ARM\ARM\MyForm.cpp(308,64): warning C4566: символ, представленный универсальным именем символа "\u00E0", невозможно представить в текущей кодовой странице (1251)
C:\Users\Mega Toad\source\repos\ARM\ARM\MyForm.cpp(308,64): warning C4566: символ, представленный универсальным именем символа "\u00E5", невозможно представить в текущей кодовой странице (1251)
C:\Users\Mega Toad\source\repos\ARM\ARM\MyForm.cpp(322,20): warning C4566: символ, представленный универсальным именем символа "\u00CE", невозможно представить в текущей кодовой странице (1251)
C:\Users\Mega Toad\source\repos\ARM\ARM\MyForm.cpp(322,20): warning C4566: символ, представленный универсальным именем символа "\u00F8", невозможно представить в текущей кодовой странице (1251)
C:\Users\Mega Toad\source\repos\ARM\ARM\MyForm.cpp(322,20): warning C4566: символ, представленный универсальным именем символа "\u00E8", невозможно представить в текущей кодовой странице (1251)
C:\Users\Mega Toad\source\repos\ARM\ARM\MyForm.cpp(322,20): warning C4566: символ, представленный универсальным именем символа "\u00E1", невозможно представить в текущей кодовой странице (1251)
C:\Users\Mega Toad\source\repos\ARM\ARM\MyForm.cpp(322,20): warning C4566: символ, представленный универсальным именем символа "\u00EA", невозможно представить в текущей кодовой странице (1251)
C:\Users\Mega Toad\source\repos\ARM\ARM\MyForm.cpp(322,20): warning C4566: символ, представленный универсальным именем символа "\u00E0", невозможно представить в текущей кодовой странице (1251)
C:\Users\Mega Toad\source\repos\ARM\ARM\MyForm.cpp(322,20): warning C4566: символ, представленный универсальным именем символа "\u00E2", невозможно представить в текущей кодовой странице (1251)
C:\Users\Mega Toad\source\repos\ARM\ARM\MyForm.cpp(322,20): warning C4566: символ, представленный универсальным именем символа "\u00FB", невозможно представить в текущей кодовой странице (1251)
C:\Users\Mega Toad\source\repos\ARM\ARM\MyForm.cpp(322,20): warning C4566: символ, представленный универсальным именем символа "\u00EF", невозможно представить в текущей кодовой странице (1251)
C:\Users\Mega Toad\source\repos\ARM\ARM\MyForm.cpp(322,20): warning C4566: символ, представленный универсальным именем символа "\u00EE", невозможно представить в текущей кодовой странице (1251)
C:\Users\Mega Toad\source\repos\ARM\ARM\MyForm.cpp(322,20): warning C4566: символ, представленный универсальным именем символа "\u00EB", невозможно представить в текущей кодовой странице (1251)
C:\Users\Mega Toad\source\repos\ARM\ARM\MyForm.cpp(322,20): warning C4566: символ, представленный универсальным именем символа "\u00ED", невозможно представить в текущей кодовой странице (1251)
C:\Users\Mega Toad\source\repos\ARM\ARM\MyForm.cpp(322,20): warning C4566: символ, представленный универсальным именем символа "\u00E5", невозможно представить в текущей кодовой странице (1251)
C:\Users\Mega Toad\source\repos\ARM\ARM\MyForm.cpp(322,20): warning C4566: символ, представленный универсальным именем символа "\u00FF", невозможно представить в текущей кодовой странице (1251)
C:\Users\Mega Toad\source\repos\ARM\ARM\MyForm.cpp(322,20): warning C4566: символ, представленный универсальным именем символа "\u00E7", невозможно представить в текущей кодовой странице (1251)
C:\Users\Mega Toad\source\repos\ARM\ARM\MyForm.cpp(322,20): warning C4566: символ, представленный универсальным именем символа "\u00F0", невозможно представить в текущей кодовой странице (1251)
C:\Users\Mega Toad\source\repos\ARM\ARM\MyForm.cpp(322,20): warning C4566: символ, представленный универсальным именем символа "\u00F1", невозможно представить в текущей кодовой странице (1251)
C:\Users\Mega Toad\source\repos\ARM\ARM\MyForm.cpp(322,73): warning C4566: символ, представленный универсальным именем символа "\u00CE", невозможно представить в текущей кодовой странице (1251)
C:\Users\Mega Toad\source\repos\ARM\ARM\MyForm.cpp(322,73): warning C4566: символ, представленный универсальным именем символа "\u00F8", невозможно представить в текущей кодовой странице (1251)
C:\Users\Mega Toad\source\repos\ARM\ARM\MyForm.cpp(322,73): warning C4566: символ, представленный универсальным именем символа "\u00E8", невозможно представить в текущей кодовой странице (1251)
C:\Users\Mega Toad\source\repos\ARM\ARM\MyForm.cpp(322,73): warning C4566: символ, представленный универсальным именем символа "\u00E1", невозможно представить в текущей кодовой странице (1251)
C:\Users\Mega Toad\source\repos\ARM\ARM\MyForm.cpp(322,73): warning C4566: символ, представленный универсальным именем символа "\u00EA", невозможно представить в текущей кодовой странице (1251)
C:\Users\Mega Toad\source\repos\ARM\ARM\MyForm.cpp(322,73): warning C4566: символ, представленный универсальным именем символа "\u00E0", невозможно представить в текущей кодовой странице (1251)
C:\Users\Mega Toad\source\repos\ARM\ARM\MyForm.cpp(324,20): warning C4566: символ, представленный универсальным именем символа "\u00C4", невозможно представить в текущей кодовой странице (1251)
C:\Users\Mega Toad\source\repos\ARM\ARM\MyForm.cpp(324,20): warning C4566: символ, представленный универсальным именем символа "\u00E0", невозможно представить в текущей кодовой странице (1251)
C:\Users\Mega Toad\source\repos\ARM\ARM\MyForm.cpp(324,20): warning C4566: символ, представленный универсальным именем символа "\u00ED", невозможно представить в текущей кодовой странице (1251)
C:\Users\Mega Toad\source\repos\ARM\ARM\MyForm.cpp(324,20): warning C4566: символ, представленный универсальным именем символа "\u00FB", невозможно представить в текущей кодовой странице (1251)
C:\Users\Mega Toad\source\repos\ARM\ARM\MyForm.cpp(324,20): warning C4566: символ, представленный универсальным именем символа "\u00E5", невозможно представить в текущей кодовой странице (1251)
C:\Users\Mega Toad\source\repos\ARM\ARM\MyForm.cpp(324,20): warning C4566: символ, представленный универсальным именем символа "\u00F3", невозможно представить в текущей кодовой странице (1251)
C:\Users\Mega Toad\source\repos\ARM\ARM\MyForm.cpp(324,20): warning C4566: символ, представленный универсальным именем символа "\u00E4", невозможно представить в текущей кодовой странице (1251)
C:\Users\Mega Toad\source\repos\ARM\ARM\MyForm.cpp(324,20): warning C4566: символ, представленный универсальным именем символа "\u00EB", невозможно представить в текущей кодовой странице (1251)
C:\Users\Mega Toad\source\repos\ARM\ARM\MyForm.cpp(324,52): warning C4566: символ, представленный универсальным именем символа "\u00C3", невозможно представить в текущей кодовой странице (1251)
C:\Users\Mega Toad\source\repos\ARM\ARM\MyForm.cpp(324,52): warning C4566: символ, представленный универсальным именем символа "\u00EE", невозможно представить в текущей кодовой странице (1251)
C:\Users\Mega Toad\source\repos\ARM\ARM\MyForm.cpp(324,52): warning C4566: символ, представленный универсальным именем символа "\u00F2", невозможно представить в текущей кодовой странице (1251)
C:\Users\Mega Toad\source\repos\ARM\ARM\MyForm.cpp(324,52): warning C4566: символ, представленный универсальным именем символа "\u00E2", невозможно представить в текущей кодовой странице (1251)
  MyForm.obj : обнаружен модуль MSIL; для MSIL последовательная компоновка отключена; выполняется полная компоновка
  ARM.vcxproj -> C:\Users\Mega Toad\source\repos\ARM\Debug\ARM.exe
